-------------------------------------------------------------------------------
Test set: com.example.sap.secondapp.BusinessPartnerServletTest
-------------------------------------------------------------------------------
Tests run: 1, Failures: 1, Errors: 0, Skipped: 0, Time elapsed: 35.482 s <<< FAILURE! - in com.example.sap.secondapp.BusinessPartnerServletTest
testService(com.example.sap.secondapp.BusinessPartnerServletTest)  Time elapsed: 7.916 s  <<< FAILURE!
java.lang.AssertionError: 
1 expectation failed.
Expected status code <200> but was <404>.

	at com.example.sap.secondapp.BusinessPartnerServletTest.testService(BusinessPartnerServletTest.java:57)

