<?xml version="1.0" encoding="UTF-8" standalone="yes"?><!DOCTYPE report PUBLIC "-//JACOCO//DTD Report 1.0//EN" "report.dtd"><report name="secondapp - Unit Tests"><sessioninfo id="EC2AMAZ-K2PSSV0-fb262c85" start="1530601033812" dump="1530601036038"/><sessioninfo id="EC2AMAZ-K2PSSV0-729e78b5" start="1530698001745" dump="1530698004147"/><sessioninfo id="EC2AMAZ-K2PSSV0-f4913d62" start="1530699008087" dump="1530699010454"/><sessioninfo id="EC2AMAZ-K2PSSV0-8fd4ee47" start="1530700796895" dump="1530700799267"/><sessioninfo id="EC2AMAZ-K2PSSV0-b86f9011" start="1530700964672" dump="1530700966842"/><sessioninfo id="EC2AMAZ-K2PSSV0-a0a19f0f" start="1530701669079" dump="1530701671391"/></report>